<?xml version="1.0" encoding="UTF-8"?>
<!-- Generated by org.testng.reporters.JUnitXMLReporter -->
<testsuite ignored="0" hostname="MALOJI-33" failures="1" tests="1" name="Test" time="17.081" errors="0" timestamp="2026-05-24T14:32:32 IST">
  <testcase classname="TestCases.TC_001_Registration" name="account_registration" time="4.582">
    <failure type="java.lang.AssertionError" message="null">
      <![CDATA[java.lang.AssertionError: null
at TestCases.TC_001_Registration.account_registration(TC_001_Registration.java:49)
at java.base/java.util.ArrayList.forEach(ArrayList.java:1511)
... Removed 29 stack frames]]>
    </failure>
  </testcase> <!-- account_registration -->
</testsuite> <!-- Test -->
