<?xml version="1.0" encoding="UTF-8"?>
<testng-results ignored="0" total="1" passed="1" failed="0" skipped="0">
  <reporter-output>
  </reporter-output>
  <suite started-at="2026-05-24T15:58:05 IST" name="Suite" finished-at="2026-05-24T15:58:11 IST" duration-ms="5979">
    <groups>
    </groups>
    <test started-at="2026-05-24T15:58:05 IST" name="ChromeTest" finished-at="2026-05-24T15:58:11 IST" duration-ms="5979">
      <class name="TestCases.TC_002_Login">
        <test-method is-config="true" signature="setup(java.lang.String,java.lang.String)[pri:0, instance:TestCases.TC_002_Login@3754a4bf]" started-at="2026-05-24T15:58:05 IST" name="setup" finished-at="2026-05-24T15:58:08 IST" duration-ms="3537" status="PASS">
          <params>
            <param index="0">
              <value>
                <![CDATA[Windows]]>
              </value>
            </param>
            <param index="1">
              <value>
                <![CDATA[chrome]]>
              </value>
            </param>
          </params>
          <reporter-output>
          </reporter-output>
        </test-method> <!-- setup -->
        <test-method signature="verify_Login()[pri:0, instance:TestCases.TC_002_Login@3754a4bf]" started-at="2026-05-24T15:58:08 IST" name="verify_Login" finished-at="2026-05-24T15:58:10 IST" duration-ms="2028" status="PASS">
          <reporter-output>
          </reporter-output>
        </test-method> <!-- verify_Login -->
        <test-method is-config="true" signature="tearDown()[pri:0, instance:TestCases.TC_002_Login@3754a4bf]" started-at="2026-05-24T15:58:10 IST" name="tearDown" finished-at="2026-05-24T15:58:11 IST" duration-ms="327" status="PASS">
          <reporter-output>
          </reporter-output>
        </test-method> <!-- tearDown -->
      </class> <!-- TestCases.TC_002_Login -->
    </test> <!-- ChromeTest -->
  </suite> <!-- Suite -->
</testng-results>
